<?xml version="1.0" encoding="UTF-8"?>
<!-- Generated by org.testng.reporters.JUnitReportReporter -->
<testsuite hostname="CHDSEZ006256Ls-MacBook-Pro.local" name="com.crm.qa.testcases.HomePageTest" tests="3" failures="0" timestamp="6 Jun 2018 10:15:45 GMT" time="67.918" errors="0">
  <testcase name="clickOnContactTest" time="21.127" classname="com.crm.qa.testcases.HomePageTest"/>
  <testcase name="verifyUsername" time="21.720" classname="com.crm.qa.testcases.HomePageTest"/>
  <testcase name="verifyHomePageTitle" time="25.071" classname="com.crm.qa.testcases.HomePageTest"/>
</testsuite> <!-- com.crm.qa.testcases.HomePageTest -->
