<?xml version="1.0" encoding="UTF-8"?>
<!-- Generated by org.testng.reporters.JUnitReportReporter -->
<testsuite hostname="CHDSEZ0256LsMBP" name="com.crm.qa.testcases.LoginPageTest" tests="3" failures="0" timestamp="9 Jun 2018 13:52:47 GMT" time="47.531" errors="0">
  <testcase name="crmLogoImageTest" time="16.818" classname="com.crm.qa.testcases.LoginPageTest"/>
  <testcase name="LoginTest" time="17.316" classname="com.crm.qa.testcases.LoginPageTest"/>
  <testcase name="loginPageTitleTest" time="13.397" classname="com.crm.qa.testcases.LoginPageTest"/>
</testsuite> <!-- com.crm.qa.testcases.LoginPageTest -->
