<?xml version="1.0" encoding="UTF-8"?>
<!-- Generated by org.testng.reporters.JUnitReportReporter -->
<testsuite hostname="CHDSEZ006256Ls-MacBook-Pro.local" name="com.crm.qa.testcases.ContactsPageTest" tests="2" failures="0" timestamp="7 Jun 2018 08:56:59 GMT" time="255.441" errors="0">
  <testcase name="verifyContactsPageLabel" time="27.652" classname="com.crm.qa.testcases.ContactsPageTest"/>
  <testcase name="getCRMTestData" time="227.789" classname="com.crm.qa.testcases.ContactsPageTest"/>
</testsuite> <!-- com.crm.qa.testcases.ContactsPageTest -->
